04:12:13 - "scalac" is not found on the PATH.  Scala files will not be recompiled
04:12:35 - !! Can not find server sources, try decompiling !!
04:13:36 - "scalac" is not found on the PATH.  Scala files will not be recompiled
04:13:55 - !! Can not find server sources, try decompiling !!
04:13:59 - "scalac" is not found on the PATH.  Scala files will not be recompiled
04:14:08 - * File net/minecraft/server/management/RemadeTypeFix.class not found for net/minecraft/server/management/RemadeTypeFix
04:14:08 - !! Can not find server md5s !!
04:14:13 - "scalac" is not found on the PATH.  Scala files will not be recompiled
04:14:23 - * File net/minecraft/server/management/RemadeTypeFix.class not found for net/minecraft/server/management/RemadeTypeFix
04:14:23 - !! Can not find server md5s !!
04:16:43 - "scalac" is not found on the PATH.  Scala files will not be recompiled
04:17:03 - !! Can not find server sources, try decompiling !!
04:17:40 - "scalac" is not found on the PATH.  Scala files will not be recompiled
04:17:51 - * File net/minecraft/server/management/RemadeTypeFix.class not found for net/minecraft/server/management/RemadeTypeFix
04:17:51 - !! Can not find server md5s !!
04:20:59 - "scalac" is not found on the PATH.  Scala files will not be recompiled
04:22:44 - "scalac" is not found on the PATH.  Scala files will not be recompiled
04:23:04 - !! Can not find server sources, try decompiling !!
04:23:37 - "scalac" is not found on the PATH.  Scala files will not be recompiled
04:23:48 - * File net/minecraft/server/management/RemadeTypeFix.class not found for net/minecraft/server/management/RemadeTypeFix
04:23:48 - !! Can not find server md5s !!
04:23:51 - "scalac" is not found on the PATH.  Scala files will not be recompiled
04:27:01 - "scalac" is not found on the PATH.  Scala files will not be recompiled
04:27:15 - '"C:\Program Files\Java\jdk1.8.0_241\bin\java" -Xincgc -Xms1024M -Xmx1024M -cp "..\bin\minecraft;..\src\minecraft;..\jars\versions\1.7.10\1.7.10.jar;..\lib;..\lib\*;..\lib;..\lib\*;..\jars\bin\minecraft.jar;..\jars\bin\jinput.jar;..\jars\bin\lwjgl.jar;..\jars\bin\lwjgl_util.jar;..\jars\libraries\net\java\jinput\jinput\2.0.5\jinput-2.0.5.jar;..\jars\libraries\org\lwjgl\lwjgl\lwjgl-platform\2.9.1\lwjgl-platform-2.9.1-natives-windows.jar;..\jars\libraries\com\ibm\icu\icu4j-core-mojang\51.2\icu4j-core-mojang-51.2.jar;..\jars\libraries\tv\twitch\twitch-external-platform\4.5\twitch-external-platform-4.5-natives-windows-64.jar;..\jars\libraries\net\sf\trove4j\trove4j\3.0.3\trove4j-3.0.3.jar;..\jars\libraries\org\apache\httpcomponents\httpcore\4.3.2\httpcore-4.3.2.jar;..\jars\libraries\org\apache\logging\log4j\log4j-api\2.0-beta9\log4j-api-2.0-beta9.jar;..\jars\libraries\org\apache\commons\commons-lang3\3.1\commons-lang3-3.1.jar;..\jars\libraries\com\paulscode\libraryjavasound\20101123\libraryjavasound-20101123.jar;..\jars\libraries\net\sf\jopt-simple\jopt-simple\4.5\jopt-simple-4.5.jar;..\jars\libraries\com\google\guava\guava\15.0\guava-15.0.jar;..\jars\libraries\commons-logging\commons-logging\1.1.3\commons-logging-1.1.3.jar;..\jars\libraries\org\apache\commons\commons-compress\1.8.1\commons-compress-1.8.1.jar;..\jars\libraries\com\paulscode\codecjorbis\20101023\codecjorbis-20101023.jar;..\jars\libraries\com\paulscode\soundsystem\20120107\soundsystem-20120107.jar;..\jars\libraries\com\paulscode\librarylwjglopenal\20100824\librarylwjglopenal-20100824.jar;..\jars\libraries\org\lwjgl\lwjgl\lwjgl_util\2.9.1\lwjgl_util-2.9.1.jar;..\jars\libraries\commons-codec\commons-codec\1.9\commons-codec-1.9.jar;..\jars\libraries\net\java\jutils\jutils\1.0.0\jutils-1.0.0.jar;..\jars\libraries\org\lwjgl\lwjgl\lwjgl\2.9.1\lwjgl-2.9.1.jar;..\jars\libraries\commons-io\commons-io\2.4\commons-io-2.4.jar;..\jars\libraries\com\mojang\realms\1.3.5\realms-1.3.5.jar;..\jars\libraries\org\apache\httpcomponents\httpclient\4.3.3\httpclient-4.3.3.jar;..\jars\libraries\com\mojang\authlib\1.5.21\authlib-1.5.21.jar;..\jars\libraries\com\google\code\gson\gson\2.2.4\gson-2.2.4.jar;..\jars\libraries\java3d\vecmath\1.3.1\vecmath-1.3.1.jar;..\jars\libraries\com\mojang\netty\1.6\netty-1.6.jar;..\jars\libraries\tv\twitch\twitch\5.16\twitch-5.16.jar;..\jars\libraries\com\paulscode\codecwav\20101023\codecwav-20101023.jar;..\jars\libraries\tv\twitch\twitch-platform\5.16\twitch-platform-5.16-natives-windows-64.jar;..\jars\libraries\net\java\jinput\jinput-platform\2.0.5\jinput-platform-2.0.5-natives-windows.jar;..\jars\libraries\org\apache\logging\log4j\log4j-core\2.0-beta9\log4j-core-2.0-beta9.jar;..\jars\libraries\io\netty\netty-all\4.0.10.Final\netty-all-4.0.10.Final.jar" -Djava.library.path=..\jars\versions\1.7.10\1.7.10-natives Start' failed : -1
04:27:15 - FATAL ERROR
Traceback (most recent call last):
  File "runtime/startclient.py", line 42, in startclient
  File "C:\Users\svivnrlt\Documents\Projects\Solar\Solar (1.7.10)\runtime\commands.py", line 1605, in startclient
    self.runmc(forkcmd)
  File "C:\Users\svivnrlt\Documents\Projects\Solar\Solar (1.7.10)\runtime\commands.py", line 1645, in runmc
    raise CalledProcessError(process.returncode, forkcmd, output)
CalledProcessError: Command '"C:\Program Files\Java\jdk1.8.0_241\bin\java" -Xincgc -Xms1024M -Xmx1024M -cp "..\bin\minecraft;..\src\minecraft;..\jars\versions\1.7.10\1.7.10.jar;..\lib;..\lib\*;..\lib;..\lib\*;..\jars\bin\minecraft.jar;..\jars\bin\jinput.jar;..\jars\bin\lwjgl.jar;..\jars\bin\lwjgl_util.jar;..\jars\libraries\net\java\jinput\jinput\2.0.5\jinput-2.0.5.jar;..\jars\libraries\org\lwjgl\lwjgl\lwjgl-platform\2.9.1\lwjgl-platform-2.9.1-natives-windows.jar;..\jars\libraries\com\ibm\icu\icu4j-core-mojang\51.2\icu4j-core-mojang-51.2.jar;..\jars\libraries\tv\twitch\twitch-external-platform\4.5\twitch-external-platform-4.5-natives-windows-64.jar;..\jars\libraries\net\sf\trove4j\trove4j\3.0.3\trove4j-3.0.3.jar;..\jars\libraries\org\apache\httpcomponents\httpcore\4.3.2\httpcore-4.3.2.jar;..\jars\libraries\org\apache\logging\log4j\log4j-api\2.0-beta9\log4j-api-2.0-beta9.jar;..\jars\libraries\org\apache\commons\commons-lang3\3.1\commons-lang3-3.1.jar;..\jars\libraries\com\paulscode\libraryjavasound\20101123\libraryjavasound-20101123.jar;..\jars\libraries\net\sf\jopt-simple\jopt-simple\4.5\jopt-simple-4.5.jar;..\jars\libraries\com\google\guava\guava\15.0\guava-15.0.jar;..\jars\libraries\commons-logging\commons-logging\1.1.3\commons-logging-1.1.3.jar;..\jars\libraries\org\apache\commons\commons-compress\1.8.1\commons-compress-1.8.1.jar;..\jars\libraries\com\paulscode\codecjorbis\20101023\codecjorbis-20101023.jar;..\jars\libraries\com\paulscode\soundsystem\20120107\soundsystem-20120107.jar;..\jars\libraries\com\paulscode\librarylwjglopenal\20100824\librarylwjglopenal-20100824.jar;..\jars\libraries\org\lwjgl\lwjgl\lwjgl_util\2.9.1\lwjgl_util-2.9.1.jar;..\jars\libraries\commons-codec\commons-codec\1.9\commons-codec-1.9.jar;..\jars\libraries\net\java\jutils\jutils\1.0.0\jutils-1.0.0.jar;..\jars\libraries\org\lwjgl\lwjgl\lwjgl\2.9.1\lwjgl-2.9.1.jar;..\jars\libraries\commons-io\commons-io\2.4\commons-io-2.4.jar;..\jars\libraries\com\mojang\realms\1.3.5\realms-1.3.5.jar;..\jars\libraries\org\apache\httpcomponents\httpclient\4.3.3\httpclient-4.3.3.jar;..\jars\libraries\com\mojang\authlib\1.5.21\authlib-1.5.21.jar;..\jars\libraries\com\google\code\gson\gson\2.2.4\gson-2.2.4.jar;..\jars\libraries\java3d\vecmath\1.3.1\vecmath-1.3.1.jar;..\jars\libraries\com\mojang\netty\1.6\netty-1.6.jar;..\jars\libraries\tv\twitch\twitch\5.16\twitch-5.16.jar;..\jars\libraries\com\paulscode\codecwav\20101023\codecwav-20101023.jar;..\jars\libraries\tv\twitch\twitch-platform\5.16\twitch-platform-5.16-natives-windows-64.jar;..\jars\libraries\net\java\jinput\jinput-platform\2.0.5\jinput-platform-2.0.5-natives-windows.jar;..\jars\libraries\org\apache\logging\log4j\log4j-core\2.0-beta9\log4j-core-2.0-beta9.jar;..\jars\libraries\io\netty\netty-all\4.0.10.Final\netty-all-4.0.10.Final.jar" -Djava.library.path=..\jars\versions\1.7.10\1.7.10-natives Start' returned non-zero exit status -1
04:27:17 - "scalac" is not found on the PATH.  Scala files will not be recompiled
04:31:17 - "scalac" is not found on the PATH.  Scala files will not be recompiled
04:31:22 - "scalac" is not found on the PATH.  Scala files will not be recompiled
04:31:42 - !! Can not find server sources, try decompiling !!
04:31:48 - "scalac" is not found on the PATH.  Scala files will not be recompiled
04:31:59 - * File net/minecraft/server/management/RemadeTypeFix.class not found for net/minecraft/server/management/RemadeTypeFix
04:31:59 - !! Can not find server md5s !!
